<?xml version="1.0" encoding="UTF-8"?>
<!-- Generated by org.testng.reporters.JUnitReportReporter -->
<testsuite skipped="0" hostname="DESKTOP-HT6N8H1" name="testLibrary.TC01_Get_Request1" tests="1" failures="0" timestamp="2022-04-20T17:25:36 IST" time="5.736" errors="0">
  <testcase name="getBooks" time="5.736" classname="testLibrary.TC01_Get_Request1"/>
  <system-out/>
</testsuite> <!-- testLibrary.TC01_Get_Request1 -->
